TN:
SF:script.js
FN:1,addItem
FN:10,(anonymous_1)
FN:16,deleteItem
FN:20,(anonymous_3)
FN:27,markAsDone
FN:28,(anonymous_5)
FN:35,unmarkAsDone
FN:36,(anonymous_7)
FN:44,status
FN:46,(anonymous_9)
FNF:10
FNH:8
FNDA:8,addItem
FNDA:2,(anonymous_1)
FNDA:3,deleteItem
FNDA:1,(anonymous_3)
FNDA:3,markAsDone
FNDA:1,(anonymous_5)
FNDA:3,unmarkAsDone
FNDA:1,(anonymous_7)
FNDA:0,status
FNDA:0,(anonymous_9)
DA:2,8
DA:8,2
DA:10,6
DA:11,6
DA:12,4
DA:13,4
DA:17,3
DA:18,0
DA:20,3
DA:21,3
DA:22,1
DA:23,1
DA:25,2
DA:28,3
DA:29,3
DA:30,1
DA:31,1
DA:33,2
DA:36,3
DA:37,3
DA:38,1
DA:39,1
DA:41,2
DA:45,0
DA:46,0
DA:47,0
DA:48,0
DA:49,0
DA:51,0
DA:53,1
LF:30
LH:23
BRDA:2,0,0,2
BRDA:2,0,1,6
BRDA:3,1,0,8
BRDA:3,1,1,8
BRDA:3,1,2,7
BRDA:3,1,3,7
BRDA:11,2,0,2
BRDA:11,2,1,4
BRDA:17,3,0,0
BRDA:17,3,1,3
BRDA:21,4,0,1
BRDA:21,4,1,2
BRDA:29,5,0,1
BRDA:29,5,1,2
BRDA:37,6,0,1
BRDA:37,6,1,2
BRDA:47,7,0,0
BRDA:47,7,1,0
BRF:18
BRH:15
end_of_record
